{"/home/cbreza/Documents/Coding Hacktiv8/phase-3/group-project/gofit/server/helpers/bcrypt.js": {"path":"/home/cbreza/Documents/Coding Hacktiv8/phase-3/group-project/gofit/server/helpers/bcrypt.js","statementMap":{"0":{"start":{"line":1,"column":15},"end":{"line":1,"column":34}},"1":{"start":{"line":5,"column":17},"end":{"line":5,"column":39}},"2":{"start":{"line":6,"column":17},"end":{"line":6,"column":48}},"3":{"start":{"line":8,"column":4},"end":{"line":8,"column":15}},"4":{"start":{"line":13,"column":20},"end":{"line":13,"column":62}},"5":{"start":{"line":15,"column":4},"end":{"line":15,"column":18}},"6":{"start":{"line":18,"column":0},"end":{"line":18,"column":50}}},"fnMap":{"0":{"name":"hashPassword","decl":{"start":{"line":4,"column":9},"end":{"line":4,"column":21}},"loc":{"start":{"line":4,"column":32},"end":{"line":9,"column":1}},"line":4},"1":{"name":"comparePassword","decl":{"start":{"line":12,"column":9},"end":{"line":12,"column":24}},"loc":{"start":{"line":12,"column":49},"end":{"line":16,"column":1}},"line":12}},"branchMap":{},"s":{"0":1,"1":3,"2":2,"3":1,"4":3,"5":2,"6":1},"f":{"0":3,"1":3},"b":{},"_coverageSchema":"1a1c01bbd47fc00a2c39e90264f33305004495a9","hash":"bbb3a9682912db41fda24fd1d211a247c6f4450f"}
,"/home/cbreza/Documents/Coding Hacktiv8/phase-3/group-project/gofit/server/helpers/bmiFormula.js": {"path":"/home/cbreza/Documents/Coding Hacktiv8/phase-3/group-project/gofit/server/helpers/bmiFormula.js","statementMap":{"0":{"start":{"line":2,"column":4},"end":{"line":4,"column":5}},"1":{"start":{"line":3,"column":8},"end":{"line":3,"column":76}},"2":{"start":{"line":7,"column":16},"end":{"line":7,"column":42}},"3":{"start":{"line":10,"column":19},"end":{"line":10,"column":21}},"4":{"start":{"line":11,"column":25},"end":{"line":11,"column":26}},"5":{"start":{"line":12,"column":4},"end":{"line":24,"column":5}},"6":{"start":{"line":13,"column":8},"end":{"line":13,"column":33}},"7":{"start":{"line":14,"column":8},"end":{"line":14,"column":59}},"8":{"start":{"line":15,"column":11},"end":{"line":24,"column":5}},"9":{"start":{"line":16,"column":8},"end":{"line":16,"column":35}},"10":{"start":{"line":17,"column":8},"end":{"line":17,"column":27}},"11":{"start":{"line":18,"column":11},"end":{"line":24,"column":5}},"12":{"start":{"line":19,"column":8},"end":{"line":19,"column":32}},"13":{"start":{"line":20,"column":8},"end":{"line":20,"column":59}},"14":{"start":{"line":22,"column":8},"end":{"line":22,"column":29}},"15":{"start":{"line":23,"column":8},"end":{"line":23,"column":59}},"16":{"start":{"line":27,"column":4},"end":{"line":31,"column":6}},"17":{"start":{"line":43,"column":0},"end":{"line":43,"column":32}}},"fnMap":{"0":{"name":"calculateBMI","decl":{"start":{"line":1,"column":9},"end":{"line":1,"column":21}},"loc":{"start":{"line":1,"column":38},"end":{"line":32,"column":1}},"line":1}},"branchMap":{"0":{"loc":{"start":{"line":2,"column":4},"end":{"line":4,"column":5}},"type":"if","locations":[{"start":{"line":2,"column":4},"end":{"line":4,"column":5}},{"start":{},"end":{}}],"line":2},"1":{"loc":{"start":{"line":2,"column":8},"end":{"line":2,"column":34}},"type":"binary-expr","locations":[{"start":{"line":2,"column":8},"end":{"line":2,"column":19}},{"start":{"line":2,"column":23},"end":{"line":2,"column":34}}],"line":2},"2":{"loc":{"start":{"line":12,"column":4},"end":{"line":24,"column":5}},"type":"if","locations":[{"start":{"line":12,"column":4},"end":{"line":24,"column":5}},{"start":{"line":15,"column":11},"end":{"line":24,"column":5}}],"line":12},"3":{"loc":{"start":{"line":15,"column":11},"end":{"line":24,"column":5}},"type":"if","locations":[{"start":{"line":15,"column":11},"end":{"line":24,"column":5}},{"start":{"line":18,"column":11},"end":{"line":24,"column":5}}],"line":15},"4":{"loc":{"start":{"line":15,"column":15},"end":{"line":15,"column":40}},"type":"binary-expr","locations":[{"start":{"line":15,"column":15},"end":{"line":15,"column":26}},{"start":{"line":15,"column":30},"end":{"line":15,"column":40}}],"line":15},"5":{"loc":{"start":{"line":18,"column":11},"end":{"line":24,"column":5}},"type":"if","locations":[{"start":{"line":18,"column":11},"end":{"line":24,"column":5}},{"start":{"line":21,"column":11},"end":{"line":24,"column":5}}],"line":18},"6":{"loc":{"start":{"line":18,"column":15},"end":{"line":18,"column":38}},"type":"binary-expr","locations":[{"start":{"line":18,"column":15},"end":{"line":18,"column":24}},{"start":{"line":18,"column":28},"end":{"line":18,"column":38}}],"line":18}},"s":{"0":13,"1":4,"2":9,"3":9,"4":9,"5":9,"6":1,"7":1,"8":8,"9":4,"10":4,"11":4,"12":2,"13":2,"14":2,"15":2,"16":9,"17":3},"f":{"0":13},"b":{"0":[4,9],"1":[13,11],"2":[1,8],"3":[4,4],"4":[8,8],"5":[2,2],"6":[4,4]},"_coverageSchema":"1a1c01bbd47fc00a2c39e90264f33305004495a9","hash":"4b34bf6bf17a6ac848add0436cfb118bbb0c7d0b"}
,"/home/cbreza/Documents/Coding Hacktiv8/phase-3/group-project/gofit/server/middlewares/authentication.js": {"path":"/home/cbreza/Documents/Coding Hacktiv8/phase-3/group-project/gofit/server/middlewares/authentication.js","statementMap":{"0":{"start":{"line":1,"column":24},"end":{"line":1,"column":49}},"1":{"start":{"line":5,"column":4},"end":{"line":29,"column":5}},"2":{"start":{"line":7,"column":28},"end":{"line":7,"column":59}},"3":{"start":{"line":10,"column":8},"end":{"line":12,"column":9}},"4":{"start":{"line":11,"column":12},"end":{"line":11,"column":76}},"5":{"start":{"line":15,"column":30},"end":{"line":15,"column":52}},"6":{"start":{"line":16,"column":8},"end":{"line":18,"column":9}},"7":{"start":{"line":17,"column":12},"end":{"line":17,"column":45}},"8":{"start":{"line":21,"column":29},"end":{"line":21,"column":47}},"9":{"start":{"line":25,"column":8},"end":{"line":25,"column":27}},"10":{"start":{"line":27,"column":8},"end":{"line":27,"column":66}},"11":{"start":{"line":32,"column":0},"end":{"line":32,"column":31}}},"fnMap":{"0":{"name":"authentication","decl":{"start":{"line":4,"column":15},"end":{"line":4,"column":29}},"loc":{"start":{"line":4,"column":39},"end":{"line":30,"column":1}},"line":4}},"branchMap":{"0":{"loc":{"start":{"line":7,"column":28},"end":{"line":7,"column":59}},"type":"binary-expr","locations":[{"start":{"line":7,"column":28},"end":{"line":7,"column":53}},{"start":{"line":7,"column":57},"end":{"line":7,"column":59}}],"line":7},"1":{"loc":{"start":{"line":10,"column":8},"end":{"line":12,"column":9}},"type":"if","locations":[{"start":{"line":10,"column":8},"end":{"line":12,"column":9}},{"start":{},"end":{}}],"line":10},"2":{"loc":{"start":{"line":16,"column":8},"end":{"line":18,"column":9}},"type":"if","locations":[{"start":{"line":16,"column":8},"end":{"line":18,"column":9}},{"start":{},"end":{}}],"line":16},"3":{"loc":{"start":{"line":16,"column":12},"end":{"line":16,"column":39}},"type":"binary-expr","locations":[{"start":{"line":16,"column":12},"end":{"line":16,"column":29}},{"start":{"line":16,"column":33},"end":{"line":16,"column":39}}],"line":16},"4":{"loc":{"start":{"line":27,"column":24},"end":{"line":27,"column":64}},"type":"binary-expr","locations":[{"start":{"line":27,"column":24},"end":{"line":27,"column":37}},{"start":{"line":27,"column":41},"end":{"line":27,"column":64}}],"line":27}},"s":{"0":1,"1":7,"2":7,"3":7,"4":1,"5":6,"6":6,"7":3,"8":3,"9":1,"10":6,"11":1},"f":{"0":7},"b":{"0":[7,1],"1":[1,6],"2":[3,3],"3":[6,4],"4":[6,1]},"_coverageSchema":"1a1c01bbd47fc00a2c39e90264f33305004495a9","hash":"3995fc9f02b6a3ba2265b253d39fc9952e421ce5"}
,"/home/cbreza/Documents/Coding Hacktiv8/phase-3/group-project/gofit/server/models/historyCategoryModel.js": {"path":"/home/cbreza/Documents/Coding Hacktiv8/phase-3/group-project/gofit/server/models/historyCategoryModel.js","statementMap":{"0":{"start":{"line":1,"column":21},"end":{"line":1,"column":49}},"1":{"start":{"line":2,"column":19},"end":{"line":2,"column":37}},"2":{"start":{"line":7,"column":8},"end":{"line":7,"column":67}},"3":{"start":{"line":13,"column":8},"end":{"line":21,"column":9}},"4":{"start":{"line":14,"column":28},"end":{"line":17,"column":22}},"5":{"start":{"line":18,"column":12},"end":{"line":18,"column":26}},"6":{"start":{"line":20,"column":12},"end":{"line":20,"column":34}},"7":{"start":{"line":26,"column":8},"end":{"line":50,"column":9}},"8":{"start":{"line":27,"column":29},"end":{"line":27,"column":33}},"9":{"start":{"line":28,"column":29},"end":{"line":28,"column":33}},"10":{"start":{"line":29,"column":12},"end":{"line":31,"column":13}},"11":{"start":{"line":30,"column":16},"end":{"line":30,"column":74}},"12":{"start":{"line":33,"column":12},"end":{"line":35,"column":13}},"13":{"start":{"line":34,"column":16},"end":{"line":34,"column":74}},"14":{"start":{"line":37,"column":29},"end":{"line":43,"column":13}},"15":{"start":{"line":45,"column":28},"end":{"line":46,"column":32}},"16":{"start":{"line":47,"column":12},"end":{"line":47,"column":26}},"17":{"start":{"line":49,"column":12},"end":{"line":49,"column":34}},"18":{"start":{"line":55,"column":0},"end":{"line":55,"column":37}}},"fnMap":{"0":{"name":"(anonymous_0)","decl":{"start":{"line":6,"column":4},"end":{"line":6,"column":5}},"loc":{"start":{"line":6,"column":24},"end":{"line":8,"column":5}},"line":6},"1":{"name":"(anonymous_1)","decl":{"start":{"line":11,"column":4},"end":{"line":11,"column":5}},"loc":{"start":{"line":11,"column":31},"end":{"line":22,"column":5}},"line":11},"2":{"name":"(anonymous_2)","decl":{"start":{"line":25,"column":4},"end":{"line":25,"column":5}},"loc":{"start":{"line":25,"column":33},"end":{"line":51,"column":5}},"line":25}},"branchMap":{"0":{"loc":{"start":{"line":29,"column":12},"end":{"line":31,"column":13}},"type":"if","locations":[{"start":{"line":29,"column":12},"end":{"line":31,"column":13}},{"start":{},"end":{}}],"line":29},"1":{"loc":{"start":{"line":33,"column":12},"end":{"line":35,"column":13}},"type":"if","locations":[{"start":{"line":33,"column":12},"end":{"line":35,"column":13}},{"start":{},"end":{}}],"line":33}},"s":{"0":1,"1":1,"2":7,"3":2,"4":2,"5":1,"6":1,"7":4,"8":4,"9":4,"10":4,"11":3,"12":4,"13":3,"14":4,"15":4,"16":3,"17":1,"18":1},"f":{"0":7,"1":2,"2":4},"b":{"0":[3,1],"1":[3,1]},"_coverageSchema":"1a1c01bbd47fc00a2c39e90264f33305004495a9","hash":"1951c819d625727642e3d42abbd18a766f08ef67"}
,"/home/cbreza/Documents/Coding Hacktiv8/phase-3/group-project/gofit/server/models/userExerciseModel.js": {"path":"/home/cbreza/Documents/Coding Hacktiv8/phase-3/group-project/gofit/server/models/userExerciseModel.js","statementMap":{"0":{"start":{"line":1,"column":21},"end":{"line":1,"column":39}},"1":{"start":{"line":2,"column":21},"end":{"line":2,"column":49}},"2":{"start":{"line":7,"column":8},"end":{"line":7,"column":51}},"3":{"start":{"line":11,"column":8},"end":{"line":11,"column":55}},"4":{"start":{"line":16,"column":27},"end":{"line":16,"column":67}},"5":{"start":{"line":17,"column":27},"end":{"line":17,"column":60}},"6":{"start":{"line":18,"column":8},"end":{"line":18,"column":26}},"7":{"start":{"line":23,"column":27},"end":{"line":23,"column":67}},"8":{"start":{"line":24,"column":27},"end":{"line":24,"column":60}},"9":{"start":{"line":25,"column":8},"end":{"line":25,"column":26}},"10":{"start":{"line":32,"column":8},"end":{"line":39,"column":9}},"11":{"start":{"line":33,"column":34},"end":{"line":35,"column":22}},"12":{"start":{"line":36,"column":12},"end":{"line":36,"column":32}},"13":{"start":{"line":38,"column":12},"end":{"line":38,"column":34}},"14":{"start":{"line":43,"column":8},"end":{"line":57,"column":9}},"15":{"start":{"line":44,"column":33},"end":{"line":51,"column":14}},"16":{"start":{"line":53,"column":32},"end":{"line":53,"column":95}},"17":{"start":{"line":54,"column":12},"end":{"line":54,"column":30}},"18":{"start":{"line":56,"column":12},"end":{"line":56,"column":34}},"19":{"start":{"line":61,"column":8},"end":{"line":73,"column":9}},"20":{"start":{"line":62,"column":33},"end":{"line":68,"column":13}},"21":{"start":{"line":69,"column":35},"end":{"line":69,"column":96}},"22":{"start":{"line":70,"column":12},"end":{"line":70,"column":33}},"23":{"start":{"line":72,"column":12},"end":{"line":72,"column":34}},"24":{"start":{"line":77,"column":8},"end":{"line":77,"column":76}},"25":{"start":{"line":78,"column":8},"end":{"line":88,"column":9}},"26":{"start":{"line":79,"column":33},"end":{"line":83,"column":13}},"27":{"start":{"line":84,"column":35},"end":{"line":84,"column":96}},"28":{"start":{"line":85,"column":12},"end":{"line":85,"column":33}},"29":{"start":{"line":87,"column":12},"end":{"line":87,"column":34}},"30":{"start":{"line":92,"column":8},"end":{"line":104,"column":9}},"31":{"start":{"line":93,"column":33},"end":{"line":94,"column":47}},"32":{"start":{"line":96,"column":12},"end":{"line":98,"column":13}},"33":{"start":{"line":97,"column":16},"end":{"line":97,"column":63}},"34":{"start":{"line":101,"column":12},"end":{"line":101,"column":31}},"35":{"start":{"line":103,"column":12},"end":{"line":103,"column":34}},"36":{"start":{"line":109,"column":8},"end":{"line":128,"column":9}},"37":{"start":{"line":110,"column":12},"end":{"line":112,"column":13}},"38":{"start":{"line":111,"column":16},"end":{"line":111,"column":59}},"39":{"start":{"line":114,"column":33},"end":{"line":117,"column":13}},"40":{"start":{"line":119,"column":12},"end":{"line":121,"column":13}},"41":{"start":{"line":120,"column":16},"end":{"line":120,"column":76}},"42":{"start":{"line":123,"column":35},"end":{"line":123,"column":98}},"43":{"start":{"line":124,"column":12},"end":{"line":124,"column":34}},"44":{"start":{"line":126,"column":12},"end":{"line":126,"column":61}},"45":{"start":{"line":127,"column":12},"end":{"line":127,"column":35}},"46":{"start":{"line":133,"column":8},"end":{"line":141,"column":9}},"47":{"start":{"line":135,"column":31},"end":{"line":135,"column":62}},"48":{"start":{"line":137,"column":12},"end":{"line":137,"column":30}},"49":{"start":{"line":139,"column":12},"end":{"line":139,"column":63}},"50":{"start":{"line":140,"column":12},"end":{"line":140,"column":35}},"51":{"start":{"line":145,"column":8},"end":{"line":197,"column":9}},"52":{"start":{"line":147,"column":27},"end":{"line":182,"column":24}},"53":{"start":{"line":185,"column":12},"end":{"line":187,"column":13}},"54":{"start":{"line":186,"column":16},"end":{"line":186,"column":54}},"55":{"start":{"line":190,"column":29},"end":{"line":190,"column":38}},"56":{"start":{"line":193,"column":12},"end":{"line":193,"column":28}},"57":{"start":{"line":195,"column":12},"end":{"line":195,"column":75}},"58":{"start":{"line":196,"column":12},"end":{"line":196,"column":35}},"59":{"start":{"line":204,"column":0},"end":{"line":204,"column":34}}},"fnMap":{"0":{"name":"(anonymous_0)","decl":{"start":{"line":6,"column":4},"end":{"line":6,"column":5}},"loc":{"start":{"line":6,"column":24},"end":{"line":8,"column":5}},"line":6},"1":{"name":"(anonymous_1)","decl":{"start":{"line":10,"column":4},"end":{"line":10,"column":5}},"loc":{"start":{"line":10,"column":42},"end":{"line":12,"column":5}},"line":10},"2":{"name":"(anonymous_2)","decl":{"start":{"line":14,"column":4},"end":{"line":14,"column":5}},"loc":{"start":{"line":14,"column":38},"end":{"line":19,"column":5}},"line":14},"3":{"name":"(anonymous_3)","decl":{"start":{"line":21,"column":4},"end":{"line":21,"column":5}},"loc":{"start":{"line":21,"column":38},"end":{"line":26,"column":5}},"line":21},"4":{"name":"(anonymous_4)","decl":{"start":{"line":30,"column":4},"end":{"line":30,"column":5}},"loc":{"start":{"line":30,"column":29},"end":{"line":40,"column":5}},"line":30},"5":{"name":"(anonymous_5)","decl":{"start":{"line":42,"column":4},"end":{"line":42,"column":5}},"loc":{"start":{"line":42,"column":30},"end":{"line":58,"column":5}},"line":42},"6":{"name":"(anonymous_6)","decl":{"start":{"line":60,"column":4},"end":{"line":60,"column":5}},"loc":{"start":{"line":60,"column":34},"end":{"line":74,"column":5}},"line":60},"7":{"name":"(anonymous_7)","decl":{"start":{"line":76,"column":4},"end":{"line":76,"column":5}},"loc":{"start":{"line":76,"column":38},"end":{"line":89,"column":5}},"line":76},"8":{"name":"(anonymous_8)","decl":{"start":{"line":91,"column":4},"end":{"line":91,"column":5}},"loc":{"start":{"line":91,"column":46},"end":{"line":105,"column":5}},"line":91},"9":{"name":"(anonymous_9)","decl":{"start":{"line":107,"column":4},"end":{"line":107,"column":5}},"loc":{"start":{"line":107,"column":38},"end":{"line":129,"column":5}},"line":107},"10":{"name":"(anonymous_10)","decl":{"start":{"line":132,"column":4},"end":{"line":132,"column":5}},"loc":{"start":{"line":132,"column":37},"end":{"line":142,"column":5}},"line":132},"11":{"name":"(anonymous_11)","decl":{"start":{"line":144,"column":4},"end":{"line":144,"column":5}},"loc":{"start":{"line":144,"column":45},"end":{"line":198,"column":5}},"line":144}},"branchMap":{"0":{"loc":{"start":{"line":96,"column":12},"end":{"line":98,"column":13}},"type":"if","locations":[{"start":{"line":96,"column":12},"end":{"line":98,"column":13}},{"start":{},"end":{}}],"line":96},"1":{"loc":{"start":{"line":110,"column":12},"end":{"line":112,"column":13}},"type":"if","locations":[{"start":{"line":110,"column":12},"end":{"line":112,"column":13}},{"start":{},"end":{}}],"line":110},"2":{"loc":{"start":{"line":119,"column":12},"end":{"line":121,"column":13}},"type":"if","locations":[{"start":{"line":119,"column":12},"end":{"line":121,"column":13}},{"start":{},"end":{}}],"line":119},"3":{"loc":{"start":{"line":185,"column":12},"end":{"line":187,"column":13}},"type":"if","locations":[{"start":{"line":185,"column":12},"end":{"line":187,"column":13}},{"start":{},"end":{}}],"line":185}},"s":{"0":1,"1":1,"2":19,"3":4,"4":0,"5":0,"6":0,"7":4,"8":4,"9":2,"10":2,"11":2,"12":1,"13":1,"14":2,"15":2,"16":1,"17":1,"18":1,"19":2,"20":2,"21":1,"22":1,"23":1,"24":2,"25":2,"26":2,"27":1,"28":1,"29":1,"30":3,"31":3,"32":2,"33":1,"34":1,"35":2,"36":4,"37":4,"38":1,"39":3,"40":2,"41":1,"42":1,"43":1,"44":3,"45":3,"46":2,"47":2,"48":1,"49":1,"50":1,"51":3,"52":3,"53":2,"54":1,"55":1,"56":1,"57":2,"58":2,"59":1},"f":{"0":19,"1":4,"2":0,"3":4,"4":2,"5":2,"6":2,"7":2,"8":3,"9":4,"10":2,"11":3},"b":{"0":[1,1],"1":[1,3],"2":[1,1],"3":[1,1]},"_coverageSchema":"1a1c01bbd47fc00a2c39e90264f33305004495a9","hash":"d6daa2edd144e35183a8f88e9e6af3e519c6dd9d"}
,"/home/cbreza/Documents/Coding Hacktiv8/phase-3/group-project/gofit/server/models/userGoalModel.js": {"path":"/home/cbreza/Documents/Coding Hacktiv8/phase-3/group-project/gofit/server/models/userGoalModel.js","statementMap":{"0":{"start":{"line":1,"column":21},"end":{"line":1,"column":39}},"1":{"start":{"line":2,"column":21},"end":{"line":2,"column":49}},"2":{"start":{"line":3,"column":24},"end":{"line":3,"column":53}},"3":{"start":{"line":4,"column":25},"end":{"line":4,"column":57}},"4":{"start":{"line":8,"column":8},"end":{"line":8,"column":47}},"5":{"start":{"line":12,"column":8},"end":{"line":12,"column":53}},"6":{"start":{"line":16,"column":23},"end":{"line":47,"column":20}},"7":{"start":{"line":60,"column":8},"end":{"line":60,"column":25}},"8":{"start":{"line":66,"column":8},"end":{"line":79,"column":9}},"9":{"start":{"line":67,"column":25},"end":{"line":75,"column":14}},"10":{"start":{"line":76,"column":12},"end":{"line":76,"column":23}},"11":{"start":{"line":78,"column":12},"end":{"line":78,"column":34}},"12":{"start":{"line":83,"column":8},"end":{"line":92,"column":9}},"13":{"start":{"line":84,"column":35},"end":{"line":88,"column":14}},"14":{"start":{"line":89,"column":12},"end":{"line":89,"column":33}},"15":{"start":{"line":91,"column":12},"end":{"line":91,"column":34}},"16":{"start":{"line":97,"column":8},"end":{"line":166,"column":9}},"17":{"start":{"line":99,"column":29},"end":{"line":101,"column":14}},"18":{"start":{"line":103,"column":12},"end":{"line":105,"column":13}},"19":{"start":{"line":104,"column":16},"end":{"line":104,"column":62}},"20":{"start":{"line":108,"column":34},"end":{"line":108,"column":75}},"21":{"start":{"line":111,"column":27},"end":{"line":116,"column":15}},"22":{"start":{"line":120,"column":33},"end":{"line":120,"column":61}},"23":{"start":{"line":124,"column":38},"end":{"line":131,"column":13}},"24":{"start":{"line":134,"column":33},"end":{"line":134,"column":81}},"25":{"start":{"line":138,"column":44},"end":{"line":138,"column":56}},"26":{"start":{"line":141,"column":12},"end":{"line":161,"column":13}},"27":{"start":{"line":143,"column":35},"end":{"line":146,"column":17}},"28":{"start":{"line":149,"column":16},"end":{"line":152,"column":18}},"29":{"start":{"line":158,"column":16},"end":{"line":158,"column":84}},"30":{"start":{"line":160,"column":16},"end":{"line":160,"column":100}},"31":{"start":{"line":164,"column":12},"end":{"line":164,"column":65}},"32":{"start":{"line":165,"column":12},"end":{"line":165,"column":35}},"33":{"start":{"line":173,"column":8},"end":{"line":250,"column":9}},"34":{"start":{"line":174,"column":29},"end":{"line":176,"column":14}},"35":{"start":{"line":178,"column":31},"end":{"line":180,"column":52}},"36":{"start":{"line":182,"column":34},"end":{"line":182,"column":54}},"37":{"start":{"line":183,"column":35},"end":{"line":183,"column":77}},"38":{"start":{"line":184,"column":37},"end":{"line":184,"column":65}},"39":{"start":{"line":185,"column":32},"end":{"line":185,"column":42}},"40":{"start":{"line":186,"column":37},"end":{"line":186,"column":113}},"41":{"start":{"line":188,"column":12},"end":{"line":244,"column":13}},"42":{"start":{"line":189,"column":31},"end":{"line":200,"column":17}},"43":{"start":{"line":204,"column":37},"end":{"line":204,"column":65}},"44":{"start":{"line":206,"column":42},"end":{"line":213,"column":17}},"45":{"start":{"line":215,"column":16},"end":{"line":215,"column":146}},"46":{"start":{"line":217,"column":31},"end":{"line":227,"column":17}},"47":{"start":{"line":231,"column":37},"end":{"line":231,"column":65}},"48":{"start":{"line":234,"column":42},"end":{"line":241,"column":17}},"49":{"start":{"line":243,"column":16},"end":{"line":243,"column":123}},"50":{"start":{"line":249,"column":12},"end":{"line":249,"column":80}},"51":{"start":{"line":255,"column":8},"end":{"line":266,"column":9}},"52":{"start":{"line":256,"column":29},"end":{"line":258,"column":24}},"53":{"start":{"line":262,"column":12},"end":{"line":262,"column":28}},"54":{"start":{"line":264,"column":8},"end":{"line":264,"column":77}},"55":{"start":{"line":271,"column":0},"end":{"line":271,"column":30}}},"fnMap":{"0":{"name":"(anonymous_0)","decl":{"start":{"line":7,"column":4},"end":{"line":7,"column":5}},"loc":{"start":{"line":7,"column":24},"end":{"line":9,"column":5}},"line":7},"1":{"name":"(anonymous_1)","decl":{"start":{"line":11,"column":4},"end":{"line":11,"column":5}},"loc":{"start":{"line":11,"column":32},"end":{"line":13,"column":5}},"line":11},"2":{"name":"(anonymous_2)","decl":{"start":{"line":15,"column":4},"end":{"line":15,"column":5}},"loc":{"start":{"line":15,"column":32},"end":{"line":61,"column":5}},"line":15},"3":{"name":"(anonymous_3)","decl":{"start":{"line":64,"column":4},"end":{"line":64,"column":5}},"loc":{"start":{"line":64,"column":34},"end":{"line":80,"column":5}},"line":64},"4":{"name":"(anonymous_4)","decl":{"start":{"line":82,"column":4},"end":{"line":82,"column":5}},"loc":{"start":{"line":82,"column":44},"end":{"line":93,"column":5}},"line":82},"5":{"name":"(anonymous_5)","decl":{"start":{"line":95,"column":4},"end":{"line":95,"column":5}},"loc":{"start":{"line":95,"column":42},"end":{"line":167,"column":5}},"line":95},"6":{"name":"(anonymous_6)","decl":{"start":{"line":172,"column":4},"end":{"line":172,"column":5}},"loc":{"start":{"line":172,"column":40},"end":{"line":251,"column":5}},"line":172},"7":{"name":"(anonymous_7)","decl":{"start":{"line":253,"column":4},"end":{"line":253,"column":5}},"loc":{"start":{"line":253,"column":41},"end":{"line":267,"column":5}},"line":253}},"branchMap":{"0":{"loc":{"start":{"line":103,"column":12},"end":{"line":105,"column":13}},"type":"if","locations":[{"start":{"line":103,"column":12},"end":{"line":105,"column":13}},{"start":{},"end":{}}],"line":103},"1":{"loc":{"start":{"line":141,"column":12},"end":{"line":161,"column":13}},"type":"if","locations":[{"start":{"line":141,"column":12},"end":{"line":161,"column":13}},{"start":{"line":159,"column":19},"end":{"line":161,"column":13}}],"line":141},"2":{"loc":{"start":{"line":141,"column":16},"end":{"line":141,"column":72}},"type":"binary-expr","locations":[{"start":{"line":141,"column":16},"end":{"line":141,"column":44}},{"start":{"line":141,"column":48},"end":{"line":141,"column":72}}],"line":141},"3":{"loc":{"start":{"line":188,"column":12},"end":{"line":244,"column":13}},"type":"if","locations":[{"start":{"line":188,"column":12},"end":{"line":244,"column":13}},{"start":{"line":216,"column":19},"end":{"line":244,"column":13}}],"line":188}},"s":{"0":1,"1":1,"2":1,"3":1,"4":14,"5":7,"6":3,"7":2,"8":2,"9":2,"10":1,"11":1,"12":2,"13":2,"14":1,"15":1,"16":4,"17":4,"18":4,"19":1,"20":3,"21":3,"22":2,"23":2,"24":2,"25":2,"26":2,"27":1,"28":1,"29":1,"30":1,"31":3,"32":3,"33":3,"34":3,"35":2,"36":2,"37":2,"38":2,"39":2,"40":2,"41":2,"42":1,"43":1,"44":1,"45":1,"46":1,"47":1,"48":1,"49":1,"50":1,"51":2,"52":2,"53":1,"54":1,"55":1},"f":{"0":14,"1":7,"2":3,"3":2,"4":2,"5":4,"6":3,"7":2},"b":{"0":[1,3],"1":[1,1],"2":[2,1],"3":[1,1]},"_coverageSchema":"1a1c01bbd47fc00a2c39e90264f33305004495a9","hash":"8790e10f6c8e0b3f40785a5b5cdbb36c886fadc7"}
,"/home/cbreza/Documents/Coding Hacktiv8/phase-3/group-project/gofit/server/models/userModel.js": {"path":"/home/cbreza/Documents/Coding Hacktiv8/phase-3/group-project/gofit/server/models/userModel.js","statementMap":{"0":{"start":{"line":1,"column":21},"end":{"line":1,"column":49}},"1":{"start":{"line":2,"column":21},"end":{"line":2,"column":39}},"2":{"start":{"line":3,"column":42},"end":{"line":3,"column":70}},"3":{"start":{"line":4,"column":35},"end":{"line":4,"column":60}},"4":{"start":{"line":5,"column":26},"end":{"line":5,"column":58}},"5":{"start":{"line":6,"column":22},"end":{"line":6,"column":48}},"6":{"start":{"line":13,"column":8},"end":{"line":13,"column":43}},"7":{"start":{"line":17,"column":8},"end":{"line":17,"column":47}},"8":{"start":{"line":24,"column":8},"end":{"line":26,"column":9}},"9":{"start":{"line":25,"column":12},"end":{"line":25,"column":59}},"10":{"start":{"line":29,"column":8},"end":{"line":31,"column":9}},"11":{"start":{"line":30,"column":12},"end":{"line":30,"column":58}},"12":{"start":{"line":34,"column":8},"end":{"line":36,"column":9}},"13":{"start":{"line":35,"column":12},"end":{"line":35,"column":74}},"14":{"start":{"line":39,"column":31},"end":{"line":41,"column":10}},"15":{"start":{"line":43,"column":8},"end":{"line":45,"column":9}},"16":{"start":{"line":44,"column":12},"end":{"line":44,"column":96}},"17":{"start":{"line":49,"column":8},"end":{"line":51,"column":9}},"18":{"start":{"line":50,"column":12},"end":{"line":50,"column":54}},"19":{"start":{"line":54,"column":28},"end":{"line":56,"column":10}},"20":{"start":{"line":58,"column":8},"end":{"line":60,"column":9}},"21":{"start":{"line":59,"column":12},"end":{"line":59,"column":90}},"22":{"start":{"line":63,"column":27},"end":{"line":63,"column":55}},"23":{"start":{"line":65,"column":8},"end":{"line":67,"column":9}},"24":{"start":{"line":66,"column":12},"end":{"line":66,"column":63}},"25":{"start":{"line":70,"column":8},"end":{"line":72,"column":9}},"26":{"start":{"line":71,"column":12},"end":{"line":71,"column":58}},"27":{"start":{"line":75,"column":8},"end":{"line":77,"column":9}},"28":{"start":{"line":76,"column":12},"end":{"line":76,"column":75}},"29":{"start":{"line":80,"column":27},"end":{"line":80,"column":57}},"30":{"start":{"line":83,"column":31},"end":{"line":93,"column":10}},"31":{"start":{"line":95,"column":26},"end":{"line":95,"column":51}},"32":{"start":{"line":117,"column":8},"end":{"line":128,"column":11}},"33":{"start":{"line":130,"column":26},"end":{"line":142,"column":9}},"34":{"start":{"line":145,"column":8},"end":{"line":145,"column":57}},"35":{"start":{"line":148,"column":24},"end":{"line":150,"column":9}},"36":{"start":{"line":151,"column":22},"end":{"line":151,"column":40}},"37":{"start":{"line":154,"column":8},"end":{"line":156,"column":10}},"38":{"start":{"line":161,"column":8},"end":{"line":186,"column":9}},"39":{"start":{"line":163,"column":25},"end":{"line":165,"column":14}},"40":{"start":{"line":167,"column":12},"end":{"line":169,"column":13}},"41":{"start":{"line":168,"column":16},"end":{"line":168,"column":50}},"42":{"start":{"line":171,"column":29},"end":{"line":180,"column":13}},"43":{"start":{"line":182,"column":12},"end":{"line":182,"column":27}},"44":{"start":{"line":184,"column":12},"end":{"line":184,"column":42}},"45":{"start":{"line":203,"column":8},"end":{"line":205,"column":9}},"46":{"start":{"line":204,"column":12},"end":{"line":204,"column":65}},"47":{"start":{"line":208,"column":27},"end":{"line":208,"column":55}},"48":{"start":{"line":210,"column":8},"end":{"line":212,"column":9}},"49":{"start":{"line":211,"column":12},"end":{"line":211,"column":63}},"50":{"start":{"line":215,"column":21},"end":{"line":217,"column":10}},"51":{"start":{"line":220,"column":8},"end":{"line":222,"column":9}},"52":{"start":{"line":221,"column":12},"end":{"line":221,"column":62}},"53":{"start":{"line":225,"column":8},"end":{"line":227,"column":9}},"54":{"start":{"line":226,"column":12},"end":{"line":226,"column":57}},"55":{"start":{"line":230,"column":8},"end":{"line":232,"column":9}},"56":{"start":{"line":231,"column":12},"end":{"line":231,"column":70}},"57":{"start":{"line":235,"column":28},"end":{"line":235,"column":68}},"58":{"start":{"line":238,"column":8},"end":{"line":240,"column":9}},"59":{"start":{"line":239,"column":12},"end":{"line":239,"column":62}},"60":{"start":{"line":243,"column":24},"end":{"line":247,"column":9}},"61":{"start":{"line":249,"column":22},"end":{"line":249,"column":40}},"62":{"start":{"line":252,"column":8},"end":{"line":254,"column":9}},"63":{"start":{"line":260,"column":26},"end":{"line":262,"column":10}},"64":{"start":{"line":265,"column":8},"end":{"line":272,"column":9}},"65":{"start":{"line":266,"column":12},"end":{"line":268,"column":13}},"66":{"start":{"line":267,"column":16},"end":{"line":267,"column":100}},"67":{"start":{"line":269,"column":12},"end":{"line":271,"column":13}},"68":{"start":{"line":270,"column":16},"end":{"line":270,"column":94}},"69":{"start":{"line":275,"column":8},"end":{"line":275,"column":20}},"70":{"start":{"line":281,"column":0},"end":{"line":281,"column":26}}},"fnMap":{"0":{"name":"(anonymous_0)","decl":{"start":{"line":12,"column":4},"end":{"line":12,"column":5}},"loc":{"start":{"line":12,"column":24},"end":{"line":14,"column":5}},"line":12},"1":{"name":"(anonymous_1)","decl":{"start":{"line":16,"column":4},"end":{"line":16,"column":5}},"loc":{"start":{"line":16,"column":28},"end":{"line":18,"column":5}},"line":16},"2":{"name":"(anonymous_2)","decl":{"start":{"line":21,"column":4},"end":{"line":21,"column":5}},"loc":{"start":{"line":21,"column":35},"end":{"line":157,"column":5}},"line":21},"3":{"name":"(anonymous_3)","decl":{"start":{"line":160,"column":4},"end":{"line":160,"column":5}},"loc":{"start":{"line":160,"column":43},"end":{"line":197,"column":5}},"line":160},"4":{"name":"(anonymous_4)","decl":{"start":{"line":200,"column":4},"end":{"line":200,"column":5}},"loc":{"start":{"line":200,"column":40},"end":{"line":255,"column":5}},"line":200},"5":{"name":"(anonymous_5)","decl":{"start":{"line":258,"column":4},"end":{"line":258,"column":5}},"loc":{"start":{"line":258,"column":44},"end":{"line":276,"column":5}},"line":258}},"branchMap":{"0":{"loc":{"start":{"line":24,"column":8},"end":{"line":26,"column":9}},"type":"if","locations":[{"start":{"line":24,"column":8},"end":{"line":26,"column":9}},{"start":{},"end":{}}],"line":24},"1":{"loc":{"start":{"line":24,"column":12},"end":{"line":24,"column":69}},"type":"binary-expr","locations":[{"start":{"line":24,"column":12},"end":{"line":24,"column":35}},{"start":{"line":24,"column":39},"end":{"line":24,"column":69}}],"line":24},"2":{"loc":{"start":{"line":29,"column":8},"end":{"line":31,"column":9}},"type":"if","locations":[{"start":{"line":29,"column":8},"end":{"line":31,"column":9}},{"start":{},"end":{}}],"line":29},"3":{"loc":{"start":{"line":29,"column":12},"end":{"line":29,"column":69}},"type":"binary-expr","locations":[{"start":{"line":29,"column":12},"end":{"line":29,"column":35}},{"start":{"line":29,"column":39},"end":{"line":29,"column":69}}],"line":29},"4":{"loc":{"start":{"line":34,"column":8},"end":{"line":36,"column":9}},"type":"if","locations":[{"start":{"line":34,"column":8},"end":{"line":36,"column":9}},{"start":{},"end":{}}],"line":34},"5":{"loc":{"start":{"line":43,"column":8},"end":{"line":45,"column":9}},"type":"if","locations":[{"start":{"line":43,"column":8},"end":{"line":45,"column":9}},{"start":{},"end":{}}],"line":43},"6":{"loc":{"start":{"line":49,"column":8},"end":{"line":51,"column":9}},"type":"if","locations":[{"start":{"line":49,"column":8},"end":{"line":51,"column":9}},{"start":{},"end":{}}],"line":49},"7":{"loc":{"start":{"line":49,"column":12},"end":{"line":49,"column":63}},"type":"binary-expr","locations":[{"start":{"line":49,"column":12},"end":{"line":49,"column":32}},{"start":{"line":49,"column":36},"end":{"line":49,"column":63}}],"line":49},"8":{"loc":{"start":{"line":58,"column":8},"end":{"line":60,"column":9}},"type":"if","locations":[{"start":{"line":58,"column":8},"end":{"line":60,"column":9}},{"start":{},"end":{}}],"line":58},"9":{"loc":{"start":{"line":65,"column":8},"end":{"line":67,"column":9}},"type":"if","locations":[{"start":{"line":65,"column":8},"end":{"line":67,"column":9}},{"start":{},"end":{}}],"line":65},"10":{"loc":{"start":{"line":70,"column":8},"end":{"line":72,"column":9}},"type":"if","locations":[{"start":{"line":70,"column":8},"end":{"line":72,"column":9}},{"start":{},"end":{}}],"line":70},"11":{"loc":{"start":{"line":70,"column":12},"end":{"line":70,"column":69}},"type":"binary-expr","locations":[{"start":{"line":70,"column":12},"end":{"line":70,"column":35}},{"start":{"line":70,"column":39},"end":{"line":70,"column":69}}],"line":70},"12":{"loc":{"start":{"line":75,"column":8},"end":{"line":77,"column":9}},"type":"if","locations":[{"start":{"line":75,"column":8},"end":{"line":77,"column":9}},{"start":{},"end":{}}],"line":75},"13":{"loc":{"start":{"line":167,"column":12},"end":{"line":169,"column":13}},"type":"if","locations":[{"start":{"line":167,"column":12},"end":{"line":169,"column":13}},{"start":{},"end":{}}],"line":167},"14":{"loc":{"start":{"line":203,"column":8},"end":{"line":205,"column":9}},"type":"if","locations":[{"start":{"line":203,"column":8},"end":{"line":205,"column":9}},{"start":{},"end":{}}],"line":203},"15":{"loc":{"start":{"line":203,"column":12},"end":{"line":203,"column":47}},"type":"binary-expr","locations":[{"start":{"line":203,"column":12},"end":{"line":203,"column":24}},{"start":{"line":203,"column":28},"end":{"line":203,"column":47}}],"line":203},"16":{"loc":{"start":{"line":210,"column":8},"end":{"line":212,"column":9}},"type":"if","locations":[{"start":{"line":210,"column":8},"end":{"line":212,"column":9}},{"start":{},"end":{}}],"line":210},"17":{"loc":{"start":{"line":220,"column":8},"end":{"line":222,"column":9}},"type":"if","locations":[{"start":{"line":220,"column":8},"end":{"line":222,"column":9}},{"start":{},"end":{}}],"line":220},"18":{"loc":{"start":{"line":225,"column":8},"end":{"line":227,"column":9}},"type":"if","locations":[{"start":{"line":225,"column":8},"end":{"line":227,"column":9}},{"start":{},"end":{}}],"line":225},"19":{"loc":{"start":{"line":225,"column":12},"end":{"line":225,"column":53}},"type":"binary-expr","locations":[{"start":{"line":225,"column":12},"end":{"line":225,"column":27}},{"start":{"line":225,"column":31},"end":{"line":225,"column":53}}],"line":225},"20":{"loc":{"start":{"line":230,"column":8},"end":{"line":232,"column":9}},"type":"if","locations":[{"start":{"line":230,"column":8},"end":{"line":232,"column":9}},{"start":{},"end":{}}],"line":230},"21":{"loc":{"start":{"line":238,"column":8},"end":{"line":240,"column":9}},"type":"if","locations":[{"start":{"line":238,"column":8},"end":{"line":240,"column":9}},{"start":{},"end":{}}],"line":238},"22":{"loc":{"start":{"line":265,"column":8},"end":{"line":272,"column":9}},"type":"if","locations":[{"start":{"line":265,"column":8},"end":{"line":272,"column":9}},{"start":{},"end":{}}],"line":265},"23":{"loc":{"start":{"line":266,"column":12},"end":{"line":268,"column":13}},"type":"if","locations":[{"start":{"line":266,"column":12},"end":{"line":268,"column":13}},{"start":{},"end":{}}],"line":266},"24":{"loc":{"start":{"line":269,"column":12},"end":{"line":271,"column":13}},"type":"if","locations":[{"start":{"line":269,"column":12},"end":{"line":271,"column":13}},{"start":{},"end":{}}],"line":269}},"s":{"0":2,"1":2,"2":2,"3":2,"4":2,"5":2,"6":23,"7":1,"8":9,"9":1,"10":8,"11":0,"12":8,"13":1,"14":7,"15":7,"16":1,"17":6,"18":1,"19":5,"20":5,"21":1,"22":4,"23":4,"24":1,"25":3,"26":1,"27":2,"28":1,"29":1,"30":1,"31":1,"32":1,"33":1,"34":1,"35":1,"36":1,"37":1,"38":2,"39":2,"40":2,"41":1,"42":1,"43":1,"44":1,"45":7,"46":1,"47":6,"48":6,"49":1,"50":5,"51":5,"52":1,"53":4,"54":1,"55":3,"56":1,"57":2,"58":2,"59":1,"60":1,"61":1,"62":1,"63":3,"64":3,"65":2,"66":1,"67":1,"68":1,"69":1,"70":2},"f":{"0":23,"1":1,"2":9,"3":2,"4":7,"5":3},"b":{"0":[1,8],"1":[9,8],"2":[0,8],"3":[8,8],"4":[1,7],"5":[1,6],"6":[1,5],"7":[6,5],"8":[1,4],"9":[1,3],"10":[1,2],"11":[3,2],"12":[1,1],"13":[1,1],"14":[1,6],"15":[7,6],"16":[1,5],"17":[1,4],"18":[1,3],"19":[4,3],"20":[1,2],"21":[1,1],"22":[2,1],"23":[1,1],"24":[1,0]},"_coverageSchema":"1a1c01bbd47fc00a2c39e90264f33305004495a9","hash":"6fd9735be3c24a60d1aa96b703c75c5d8c02f301"}
,"/home/cbreza/Documents/Coding Hacktiv8/phase-3/group-project/gofit/server/models/workoutModel.js": {"path":"/home/cbreza/Documents/Coding Hacktiv8/phase-3/group-project/gofit/server/models/workoutModel.js","statementMap":{"0":{"start":{"line":1,"column":21},"end":{"line":1,"column":39}},"1":{"start":{"line":2,"column":21},"end":{"line":2,"column":49}},"2":{"start":{"line":3,"column":24},"end":{"line":3,"column":53}},"3":{"start":{"line":7,"column":8},"end":{"line":7,"column":46}},"4":{"start":{"line":11,"column":8},"end":{"line":11,"column":55}},"5":{"start":{"line":15,"column":8},"end":{"line":20,"column":9}},"6":{"start":{"line":16,"column":29},"end":{"line":16,"column":69}},"7":{"start":{"line":17,"column":12},"end":{"line":17,"column":27}},"8":{"start":{"line":19,"column":12},"end":{"line":19,"column":34}},"9":{"start":{"line":24,"column":8},"end":{"line":47,"column":9}},"10":{"start":{"line":25,"column":27},"end":{"line":25,"column":103}},"11":{"start":{"line":26,"column":33},"end":{"line":26,"column":61}},"12":{"start":{"line":29,"column":12},"end":{"line":29,"column":68}},"13":{"start":{"line":31,"column":38},"end":{"line":38,"column":13}},"14":{"start":{"line":39,"column":12},"end":{"line":39,"column":87}},"15":{"start":{"line":41,"column":28},"end":{"line":43,"column":14}},"16":{"start":{"line":44,"column":12},"end":{"line":44,"column":26}},"17":{"start":{"line":46,"column":12},"end":{"line":46,"column":34}},"18":{"start":{"line":51,"column":8},"end":{"line":51,"column":73}},"19":{"start":{"line":52,"column":8},"end":{"line":76,"column":9}},"20":{"start":{"line":54,"column":27},"end":{"line":54,"column":29}},"21":{"start":{"line":57,"column":12},"end":{"line":59,"column":13}},"22":{"start":{"line":58,"column":16},"end":{"line":58,"column":48}},"23":{"start":{"line":62,"column":12},"end":{"line":64,"column":13}},"24":{"start":{"line":63,"column":16},"end":{"line":63,"column":50}},"25":{"start":{"line":67,"column":12},"end":{"line":69,"column":13}},"26":{"start":{"line":68,"column":16},"end":{"line":68,"column":42}},"27":{"start":{"line":72,"column":29},"end":{"line":72,"column":75}},"28":{"start":{"line":73,"column":12},"end":{"line":73,"column":28}},"29":{"start":{"line":75,"column":12},"end":{"line":75,"column":35}},"30":{"start":{"line":80,"column":0},"end":{"line":80,"column":29}}},"fnMap":{"0":{"name":"(anonymous_0)","decl":{"start":{"line":6,"column":4},"end":{"line":6,"column":5}},"loc":{"start":{"line":6,"column":24},"end":{"line":8,"column":5}},"line":6},"1":{"name":"(anonymous_1)","decl":{"start":{"line":10,"column":4},"end":{"line":10,"column":5}},"loc":{"start":{"line":10,"column":32},"end":{"line":12,"column":5}},"line":10},"2":{"name":"(anonymous_2)","decl":{"start":{"line":14,"column":4},"end":{"line":14,"column":5}},"loc":{"start":{"line":14,"column":27},"end":{"line":21,"column":5}},"line":14},"3":{"name":"(anonymous_3)","decl":{"start":{"line":23,"column":4},"end":{"line":23,"column":5}},"loc":{"start":{"line":23,"column":30},"end":{"line":48,"column":5}},"line":23},"4":{"name":"(anonymous_4)","decl":{"start":{"line":50,"column":4},"end":{"line":50,"column":5}},"loc":{"start":{"line":50,"column":39},"end":{"line":77,"column":5}},"line":50}},"branchMap":{"0":{"loc":{"start":{"line":57,"column":12},"end":{"line":59,"column":13}},"type":"if","locations":[{"start":{"line":57,"column":12},"end":{"line":59,"column":13}},{"start":{},"end":{}}],"line":57},"1":{"loc":{"start":{"line":62,"column":12},"end":{"line":64,"column":13}},"type":"if","locations":[{"start":{"line":62,"column":12},"end":{"line":64,"column":13}},{"start":{},"end":{}}],"line":62},"2":{"loc":{"start":{"line":67,"column":12},"end":{"line":69,"column":13}},"type":"if","locations":[{"start":{"line":67,"column":12},"end":{"line":69,"column":13}},{"start":{},"end":{}}],"line":67}},"s":{"0":1,"1":1,"2":1,"3":11,"4":1,"5":2,"6":2,"7":1,"8":1,"9":3,"10":3,"11":3,"12":3,"13":3,"14":3,"15":3,"16":2,"17":1,"18":5,"19":5,"20":5,"21":5,"22":3,"23":5,"24":2,"25":5,"26":2,"27":5,"28":4,"29":1,"30":1},"f":{"0":11,"1":1,"2":2,"3":3,"4":5},"b":{"0":[3,2],"1":[2,3],"2":[2,3]},"_coverageSchema":"1a1c01bbd47fc00a2c39e90264f33305004495a9","hash":"1f4a8867fde2e6003af1ac5ad872943116296b0b"}
,"/home/cbreza/Documents/Coding Hacktiv8/phase-3/group-project/gofit/server/schemas/historyCategorySchema.js": {"path":"/home/cbreza/Documents/Coding Hacktiv8/phase-3/group-project/gofit/server/schemas/historyCategorySchema.js","statementMap":{"0":{"start":{"line":1,"column":29},"end":{"line":1,"column":70}},"1":{"start":{"line":5,"column":17},"end":{"line":22,"column":1}},"2":{"start":{"line":24,"column":18},"end":{"line":51,"column":1}},"3":{"start":{"line":27,"column":12},"end":{"line":33,"column":13}},"4":{"start":{"line":28,"column":29},"end":{"line":28,"column":55}},"5":{"start":{"line":29,"column":33},"end":{"line":29,"column":89}},"6":{"start":{"line":30,"column":16},"end":{"line":30,"column":31}},"7":{"start":{"line":32,"column":16},"end":{"line":32,"column":38}},"8":{"start":{"line":38,"column":12},"end":{"line":48,"column":13}},"9":{"start":{"line":39,"column":29},"end":{"line":39,"column":59}},"10":{"start":{"line":40,"column":32},"end":{"line":44,"column":18}},"11":{"start":{"line":45,"column":16},"end":{"line":45,"column":30}},"12":{"start":{"line":47,"column":16},"end":{"line":47,"column":38}},"13":{"start":{"line":53,"column":0},"end":{"line":53,"column":92}}},"fnMap":{"0":{"name":"(anonymous_0)","decl":{"start":{"line":26,"column":25},"end":{"line":26,"column":26}},"loc":{"start":{"line":26,"column":47},"end":{"line":34,"column":9}},"line":26},"1":{"name":"(anonymous_1)","decl":{"start":{"line":37,"column":31},"end":{"line":37,"column":32}},"loc":{"start":{"line":37,"column":79},"end":{"line":49,"column":9}},"line":37}},"branchMap":{},"s":{"0":1,"1":1,"2":1,"3":3,"4":3,"5":2,"6":1,"7":2,"8":3,"9":3,"10":2,"11":1,"12":2,"13":1},"f":{"0":3,"1":3},"b":{},"_coverageSchema":"1a1c01bbd47fc00a2c39e90264f33305004495a9","hash":"6f4da03e382eda5bea748b80cfa2d96c73bacaa6"}
,"/home/cbreza/Documents/Coding Hacktiv8/phase-3/group-project/gofit/server/schemas/userExerciseSchema.js": {"path":"/home/cbreza/Documents/Coding Hacktiv8/phase-3/group-project/gofit/server/schemas/userExerciseSchema.js","statementMap":{"0":{"start":{"line":1,"column":26},"end":{"line":1,"column":64}},"1":{"start":{"line":4,"column":17},"end":{"line":60,"column":1}},"2":{"start":{"line":62,"column":18},"end":{"line":133,"column":1}},"3":{"start":{"line":65,"column":12},"end":{"line":70,"column":13}},"4":{"start":{"line":66,"column":33},"end":{"line":66,"column":73}},"5":{"start":{"line":67,"column":16},"end":{"line":67,"column":31}},"6":{"start":{"line":69,"column":16},"end":{"line":69,"column":38}},"7":{"start":{"line":73,"column":12},"end":{"line":78,"column":13}},"8":{"start":{"line":74,"column":35},"end":{"line":74,"column":78}},"9":{"start":{"line":75,"column":16},"end":{"line":75,"column":33}},"10":{"start":{"line":77,"column":16},"end":{"line":77,"column":38}},"11":{"start":{"line":81,"column":12},"end":{"line":86,"column":13}},"12":{"start":{"line":82,"column":35},"end":{"line":82,"column":91}},"13":{"start":{"line":83,"column":16},"end":{"line":83,"column":33}},"14":{"start":{"line":85,"column":16},"end":{"line":85,"column":38}},"15":{"start":{"line":91,"column":12},"end":{"line":96,"column":13}},"16":{"start":{"line":92,"column":37},"end":{"line":92,"column":73}},"17":{"start":{"line":93,"column":16},"end":{"line":93,"column":35}},"18":{"start":{"line":95,"column":16},"end":{"line":95,"column":38}},"19":{"start":{"line":99,"column":12},"end":{"line":104,"column":13}},"20":{"start":{"line":100,"column":37},"end":{"line":100,"column":77}},"21":{"start":{"line":101,"column":16},"end":{"line":101,"column":35}},"22":{"start":{"line":103,"column":16},"end":{"line":103,"column":38}},"23":{"start":{"line":107,"column":12},"end":{"line":107,"column":61}},"24":{"start":{"line":108,"column":12},"end":{"line":113,"column":13}},"25":{"start":{"line":109,"column":37},"end":{"line":109,"column":81}},"26":{"start":{"line":110,"column":16},"end":{"line":110,"column":35}},"27":{"start":{"line":112,"column":16},"end":{"line":112,"column":38}},"28":{"start":{"line":116,"column":12},"end":{"line":121,"column":13}},"29":{"start":{"line":117,"column":37},"end":{"line":117,"column":91}},"30":{"start":{"line":118,"column":16},"end":{"line":118,"column":39}},"31":{"start":{"line":120,"column":16},"end":{"line":120,"column":38}},"32":{"start":{"line":124,"column":12},"end":{"line":129,"column":13}},"33":{"start":{"line":125,"column":37},"end":{"line":125,"column":81}},"34":{"start":{"line":126,"column":16},"end":{"line":126,"column":39}},"35":{"start":{"line":128,"column":16},"end":{"line":128,"column":38}},"36":{"start":{"line":135,"column":0},"end":{"line":135,"column":86}}},"fnMap":{"0":{"name":"(anonymous_0)","decl":{"start":{"line":64,"column":23},"end":{"line":64,"column":24}},"loc":{"start":{"line":64,"column":42},"end":{"line":71,"column":9}},"line":64},"1":{"name":"(anonymous_1)","decl":{"start":{"line":72,"column":28},"end":{"line":72,"column":29}},"loc":{"start":{"line":72,"column":40},"end":{"line":79,"column":9}},"line":72},"2":{"name":"(anonymous_2)","decl":{"start":{"line":80,"column":25},"end":{"line":80,"column":26}},"loc":{"start":{"line":80,"column":44},"end":{"line":87,"column":9}},"line":80},"3":{"name":"(anonymous_3)","decl":{"start":{"line":90,"column":25},"end":{"line":90,"column":26}},"loc":{"start":{"line":90,"column":44},"end":{"line":97,"column":9}},"line":90},"4":{"name":"(anonymous_4)","decl":{"start":{"line":98,"column":20},"end":{"line":98,"column":21}},"loc":{"start":{"line":98,"column":39},"end":{"line":105,"column":9}},"line":98},"5":{"name":"(anonymous_5)","decl":{"start":{"line":106,"column":24},"end":{"line":106,"column":25}},"loc":{"start":{"line":106,"column":43},"end":{"line":114,"column":9}},"line":106},"6":{"name":"(anonymous_6)","decl":{"start":{"line":115,"column":34},"end":{"line":115,"column":35}},"loc":{"start":{"line":115,"column":53},"end":{"line":122,"column":9}},"line":115},"7":{"name":"(anonymous_7)","decl":{"start":{"line":123,"column":24},"end":{"line":123,"column":25}},"loc":{"start":{"line":123,"column":43},"end":{"line":130,"column":9}},"line":123}},"branchMap":{},"s":{"0":1,"1":1,"2":1,"3":2,"4":2,"5":1,"6":1,"7":2,"8":2,"9":1,"10":1,"11":2,"12":2,"13":1,"14":1,"15":2,"16":2,"17":1,"18":1,"19":2,"20":2,"21":1,"22":1,"23":2,"24":2,"25":2,"26":1,"27":1,"28":2,"29":2,"30":1,"31":1,"32":2,"33":2,"34":1,"35":1,"36":1},"f":{"0":2,"1":2,"2":2,"3":2,"4":2,"5":2,"6":2,"7":2},"b":{},"_coverageSchema":"1a1c01bbd47fc00a2c39e90264f33305004495a9","hash":"5d62a4c8e0b180645c768cd78c7ff23667b07b45"}
,"/home/cbreza/Documents/Coding Hacktiv8/phase-3/group-project/gofit/server/schemas/userGoalSchema.js": {"path":"/home/cbreza/Documents/Coding Hacktiv8/phase-3/group-project/gofit/server/schemas/userGoalSchema.js","statementMap":{"0":{"start":{"line":1,"column":22},"end":{"line":1,"column":56}},"1":{"start":{"line":4,"column":17},"end":{"line":65,"column":1}},"2":{"start":{"line":67,"column":18},"end":{"line":120,"column":1}},"3":{"start":{"line":70,"column":12},"end":{"line":75,"column":13}},"4":{"start":{"line":71,"column":33},"end":{"line":71,"column":67}},"5":{"start":{"line":72,"column":16},"end":{"line":72,"column":31}},"6":{"start":{"line":74,"column":16},"end":{"line":74,"column":38}},"7":{"start":{"line":78,"column":12},"end":{"line":83,"column":13}},"8":{"start":{"line":79,"column":33},"end":{"line":79,"column":76}},"9":{"start":{"line":80,"column":16},"end":{"line":80,"column":31}},"10":{"start":{"line":82,"column":16},"end":{"line":82,"column":38}},"11":{"start":{"line":88,"column":12},"end":{"line":93,"column":13}},"12":{"start":{"line":89,"column":32},"end":{"line":89,"column":68}},"13":{"start":{"line":90,"column":16},"end":{"line":90,"column":30}},"14":{"start":{"line":92,"column":16},"end":{"line":92,"column":38}},"15":{"start":{"line":96,"column":12},"end":{"line":101,"column":13}},"16":{"start":{"line":97,"column":32},"end":{"line":97,"column":78}},"17":{"start":{"line":98,"column":16},"end":{"line":98,"column":30}},"18":{"start":{"line":100,"column":16},"end":{"line":100,"column":38}},"19":{"start":{"line":104,"column":12},"end":{"line":109,"column":13}},"20":{"start":{"line":105,"column":32},"end":{"line":105,"column":76}},"21":{"start":{"line":106,"column":16},"end":{"line":106,"column":30}},"22":{"start":{"line":108,"column":16},"end":{"line":108,"column":38}},"23":{"start":{"line":112,"column":12},"end":{"line":117,"column":13}},"24":{"start":{"line":113,"column":32},"end":{"line":113,"column":74}},"25":{"start":{"line":114,"column":16},"end":{"line":114,"column":30}},"26":{"start":{"line":116,"column":16},"end":{"line":116,"column":38}},"27":{"start":{"line":122,"column":0},"end":{"line":122,"column":78}}},"fnMap":{"0":{"name":"(anonymous_0)","decl":{"start":{"line":69,"column":19},"end":{"line":69,"column":20}},"loc":{"start":{"line":69,"column":38},"end":{"line":76,"column":9}},"line":69},"1":{"name":"(anonymous_1)","decl":{"start":{"line":77,"column":27},"end":{"line":77,"column":28}},"loc":{"start":{"line":77,"column":46},"end":{"line":84,"column":9}},"line":77},"2":{"name":"(anonymous_2)","decl":{"start":{"line":87,"column":24},"end":{"line":87,"column":25}},"loc":{"start":{"line":87,"column":43},"end":{"line":94,"column":9}},"line":87},"3":{"name":"(anonymous_3)","decl":{"start":{"line":95,"column":30},"end":{"line":95,"column":31}},"loc":{"start":{"line":95,"column":49},"end":{"line":102,"column":9}},"line":95},"4":{"name":"(anonymous_4)","decl":{"start":{"line":103,"column":28},"end":{"line":103,"column":29}},"loc":{"start":{"line":103,"column":47},"end":{"line":110,"column":9}},"line":103},"5":{"name":"(anonymous_5)","decl":{"start":{"line":111,"column":26},"end":{"line":111,"column":27}},"loc":{"start":{"line":111,"column":45},"end":{"line":118,"column":9}},"line":111}},"branchMap":{},"s":{"0":1,"1":1,"2":1,"3":2,"4":2,"5":1,"6":1,"7":2,"8":2,"9":1,"10":1,"11":2,"12":2,"13":1,"14":1,"15":2,"16":2,"17":1,"18":1,"19":2,"20":2,"21":1,"22":1,"23":2,"24":2,"25":1,"26":1,"27":1},"f":{"0":2,"1":2,"2":2,"3":2,"4":2,"5":2},"b":{},"_coverageSchema":"1a1c01bbd47fc00a2c39e90264f33305004495a9","hash":"d7382a75cc43f68b2611b8ca4d25eeebeb497ce8"}
,"/home/cbreza/Documents/Coding Hacktiv8/phase-3/group-project/gofit/server/schemas/userSchema.js": {"path":"/home/cbreza/Documents/Coding Hacktiv8/phase-3/group-project/gofit/server/schemas/userSchema.js","statementMap":{"0":{"start":{"line":1,"column":18},"end":{"line":1,"column":48}},"1":{"start":{"line":5,"column":17},"end":{"line":71,"column":1}},"2":{"start":{"line":75,"column":18},"end":{"line":139,"column":1}},"3":{"start":{"line":79,"column":12},"end":{"line":91,"column":13}},"4":{"start":{"line":80,"column":35},"end":{"line":80,"column":77}},"5":{"start":{"line":83,"column":16},"end":{"line":85,"column":17}},"6":{"start":{"line":84,"column":20},"end":{"line":84,"column":92}},"7":{"start":{"line":88,"column":16},"end":{"line":88,"column":103}},"8":{"start":{"line":90,"column":16},"end":{"line":90,"column":66}},"9":{"start":{"line":96,"column":12},"end":{"line":105,"column":13}},"10":{"start":{"line":97,"column":36},"end":{"line":97,"column":66}},"11":{"start":{"line":100,"column":36},"end":{"line":100,"column":76}},"12":{"start":{"line":102,"column":16},"end":{"line":102,"column":35}},"13":{"start":{"line":104,"column":16},"end":{"line":104,"column":47}},"14":{"start":{"line":112,"column":28},"end":{"line":127,"column":13}},"15":{"start":{"line":128,"column":25},"end":{"line":128,"column":58}},"16":{"start":{"line":129,"column":12},"end":{"line":129,"column":23}},"17":{"start":{"line":134,"column":25},"end":{"line":134,"column":63}},"18":{"start":{"line":136,"column":12},"end":{"line":136,"column":23}},"19":{"start":{"line":141,"column":0},"end":{"line":141,"column":70}}},"fnMap":{"0":{"name":"(anonymous_0)","decl":{"start":{"line":78,"column":19},"end":{"line":78,"column":20}},"loc":{"start":{"line":78,"column":59},"end":{"line":92,"column":9}},"line":78},"1":{"name":"(anonymous_1)","decl":{"start":{"line":95,"column":24},"end":{"line":95,"column":25}},"loc":{"start":{"line":95,"column":56},"end":{"line":107,"column":9}},"line":95},"2":{"name":"(anonymous_2)","decl":{"start":{"line":111,"column":18},"end":{"line":111,"column":19}},"loc":{"start":{"line":111,"column":155},"end":{"line":130,"column":9}},"line":111},"3":{"name":"(anonymous_3)","decl":{"start":{"line":133,"column":15},"end":{"line":133,"column":16}},"loc":{"start":{"line":133,"column":55},"end":{"line":137,"column":9}},"line":133}},"branchMap":{"0":{"loc":{"start":{"line":83,"column":16},"end":{"line":85,"column":17}},"type":"if","locations":[{"start":{"line":83,"column":16},"end":{"line":85,"column":17}},{"start":{},"end":{}}],"line":83}},"s":{"0":2,"1":2,"2":2,"3":4,"4":4,"5":2,"6":1,"7":1,"8":2,"9":3,"10":3,"11":2,"12":1,"13":2,"14":2,"15":2,"16":1,"17":2,"18":1,"19":2},"f":{"0":4,"1":3,"2":2,"3":2},"b":{"0":[1,1]},"_coverageSchema":"1a1c01bbd47fc00a2c39e90264f33305004495a9","hash":"5735688ad35bd4f05fcb216d5e9709826d4a2c93"}
,"/home/cbreza/Documents/Coding Hacktiv8/phase-3/group-project/gofit/server/schemas/workoutSchema.js": {"path":"/home/cbreza/Documents/Coding Hacktiv8/phase-3/group-project/gofit/server/schemas/workoutSchema.js","statementMap":{"0":{"start":{"line":1,"column":21},"end":{"line":1,"column":54}},"1":{"start":{"line":3,"column":17},"end":{"line":32,"column":1}},"2":{"start":{"line":34,"column":18},"end":{"line":61,"column":1}},"3":{"start":{"line":37,"column":12},"end":{"line":42,"column":13}},"4":{"start":{"line":38,"column":33},"end":{"line":38,"column":61}},"5":{"start":{"line":39,"column":16},"end":{"line":39,"column":31}},"6":{"start":{"line":41,"column":16},"end":{"line":41,"column":38}},"7":{"start":{"line":45,"column":12},"end":{"line":50,"column":13}},"8":{"start":{"line":46,"column":32},"end":{"line":46,"column":68}},"9":{"start":{"line":47,"column":16},"end":{"line":47,"column":30}},"10":{"start":{"line":49,"column":16},"end":{"line":49,"column":38}},"11":{"start":{"line":53,"column":12},"end":{"line":58,"column":13}},"12":{"start":{"line":54,"column":33},"end":{"line":54,"column":73}},"13":{"start":{"line":55,"column":16},"end":{"line":55,"column":31}},"14":{"start":{"line":57,"column":16},"end":{"line":57,"column":38}},"15":{"start":{"line":63,"column":0},"end":{"line":63,"column":76}}},"fnMap":{"0":{"name":"(anonymous_0)","decl":{"start":{"line":36,"column":18},"end":{"line":36,"column":19}},"loc":{"start":{"line":36,"column":30},"end":{"line":43,"column":9}},"line":36},"1":{"name":"(anonymous_1)","decl":{"start":{"line":44,"column":21},"end":{"line":44,"column":22}},"loc":{"start":{"line":44,"column":40},"end":{"line":51,"column":9}},"line":44},"2":{"name":"(anonymous_2)","decl":{"start":{"line":52,"column":25},"end":{"line":52,"column":26}},"loc":{"start":{"line":52,"column":44},"end":{"line":59,"column":9}},"line":52}},"branchMap":{},"s":{"0":1,"1":1,"2":1,"3":2,"4":2,"5":1,"6":1,"7":2,"8":2,"9":1,"10":1,"11":2,"12":2,"13":1,"14":1,"15":1},"f":{"0":2,"1":2,"2":2},"b":{},"_coverageSchema":"1a1c01bbd47fc00a2c39e90264f33305004495a9","hash":"ec964ef36f463baf821e743ee1713ab635055486"}
}
