TN:
SF:helpers/bcrypt.js
FN:4,hashPassword
FN:12,comparePassword
FNF:2
FNH:2
FNDA:3,hashPassword
FNDA:3,comparePassword
DA:1,1
DA:5,3
DA:6,2
DA:8,1
DA:13,3
DA:15,2
DA:18,1
LF:7
LH:7
BRF:0
BRH:0
end_of_record
TN:
SF:helpers/bmiFormula.js
FN:1,calculateBMI
FNF:1
FNH:1
FNDA:13,calculateBMI
DA:2,13
DA:3,4
DA:7,9
DA:10,9
DA:11,9
DA:12,9
DA:13,1
DA:14,1
DA:15,8
DA:16,4
DA:17,4
DA:18,4
DA:19,2
DA:20,2
DA:22,2
DA:23,2
DA:27,9
DA:43,3
LF:18
LH:18
BRDA:2,0,0,4
BRDA:2,0,1,9
BRDA:2,1,0,13
BRDA:2,1,1,11
BRDA:12,2,0,1
BRDA:12,2,1,8
BRDA:15,3,0,4
BRDA:15,3,1,4
BRDA:15,4,0,8
BRDA:15,4,1,8
BRDA:18,5,0,2
BRDA:18,5,1,2
BRDA:18,6,0,4
BRDA:18,6,1,4
BRF:14
BRH:14
end_of_record
TN:
SF:middlewares/authentication.js
FN:4,authentication
FNF:1
FNH:1
FNDA:7,authentication
DA:1,1
DA:5,7
DA:7,7
DA:10,7
DA:11,1
DA:15,6
DA:16,6
DA:17,3
DA:21,3
DA:25,1
DA:27,6
DA:32,1
LF:12
LH:12
BRDA:7,0,0,7
BRDA:7,0,1,1
BRDA:10,1,0,1
BRDA:10,1,1,6
BRDA:16,2,0,3
BRDA:16,2,1,3
BRDA:16,3,0,6
BRDA:16,3,1,4
BRDA:27,4,0,6
BRDA:27,4,1,1
BRF:10
BRH:10
end_of_record
TN:
SF:models/historyCategoryModel.js
FN:6,(anonymous_0)
FN:11,(anonymous_1)
FN:25,(anonymous_2)
FNF:3
FNH:3
FNDA:7,(anonymous_0)
FNDA:2,(anonymous_1)
FNDA:4,(anonymous_2)
DA:1,1
DA:2,1
DA:7,7
DA:13,2
DA:14,2
DA:18,1
DA:20,1
DA:26,4
DA:27,4
DA:28,4
DA:29,4
DA:30,3
DA:33,4
DA:34,3
DA:37,4
DA:45,4
DA:47,3
DA:49,1
DA:55,1
LF:19
LH:19
BRDA:29,0,0,3
BRDA:29,0,1,1
BRDA:33,1,0,3
BRDA:33,1,1,1
BRF:4
BRH:4
end_of_record
TN:
SF:models/userExerciseModel.js
FN:6,(anonymous_0)
FN:10,(anonymous_1)
FN:14,(anonymous_2)
FN:21,(anonymous_3)
FN:30,(anonymous_4)
FN:42,(anonymous_5)
FN:60,(anonymous_6)
FN:76,(anonymous_7)
FN:91,(anonymous_8)
FN:107,(anonymous_9)
FN:132,(anonymous_10)
FN:144,(anonymous_11)
FNF:12
FNH:11
FNDA:19,(anonymous_0)
FNDA:4,(anonymous_1)
FNDA:0,(anonymous_2)
FNDA:4,(anonymous_3)
FNDA:2,(anonymous_4)
FNDA:2,(anonymous_5)
FNDA:2,(anonymous_6)
FNDA:2,(anonymous_7)
FNDA:3,(anonymous_8)
FNDA:4,(anonymous_9)
FNDA:2,(anonymous_10)
FNDA:3,(anonymous_11)
DA:1,1
DA:2,1
DA:7,19
DA:11,4
DA:16,0
DA:17,0
DA:18,0
DA:23,4
DA:24,4
DA:25,2
DA:32,2
DA:33,2
DA:36,1
DA:38,1
DA:43,2
DA:44,2
DA:53,1
DA:54,1
DA:56,1
DA:61,2
DA:62,2
DA:69,1
DA:70,1
DA:72,1
DA:77,2
DA:78,2
DA:79,2
DA:84,1
DA:85,1
DA:87,1
DA:92,3
DA:93,3
DA:96,2
DA:97,1
DA:101,1
DA:103,2
DA:109,4
DA:110,4
DA:111,1
DA:114,3
DA:119,2
DA:120,1
DA:123,1
DA:124,1
DA:126,3
DA:127,3
DA:133,2
DA:135,2
DA:137,1
DA:139,1
DA:140,1
DA:145,3
DA:147,3
DA:185,2
DA:186,1
DA:190,1
DA:193,1
DA:195,2
DA:196,2
DA:204,1
LF:60
LH:57
BRDA:96,0,0,1
BRDA:96,0,1,1
BRDA:110,1,0,1
BRDA:110,1,1,3
BRDA:119,2,0,1
BRDA:119,2,1,1
BRDA:185,3,0,1
BRDA:185,3,1,1
BRF:8
BRH:8
end_of_record
TN:
SF:models/userGoalModel.js
FN:7,(anonymous_0)
FN:11,(anonymous_1)
FN:15,(anonymous_2)
FN:64,(anonymous_3)
FN:82,(anonymous_4)
FN:95,(anonymous_5)
FN:172,(anonymous_6)
FN:253,(anonymous_7)
FNF:8
FNH:8
FNDA:14,(anonymous_0)
FNDA:7,(anonymous_1)
FNDA:3,(anonymous_2)
FNDA:2,(anonymous_3)
FNDA:2,(anonymous_4)
FNDA:4,(anonymous_5)
FNDA:3,(anonymous_6)
FNDA:2,(anonymous_7)
DA:1,1
DA:2,1
DA:3,1
DA:4,1
DA:8,14
DA:12,7
DA:16,3
DA:60,2
DA:66,2
DA:67,2
DA:76,1
DA:78,1
DA:83,2
DA:84,2
DA:89,1
DA:91,1
DA:97,4
DA:99,4
DA:103,4
DA:104,1
DA:108,3
DA:111,3
DA:120,2
DA:124,2
DA:134,2
DA:138,2
DA:141,2
DA:143,1
DA:149,1
DA:158,1
DA:160,1
DA:164,3
DA:165,3
DA:173,3
DA:174,3
DA:178,2
DA:182,2
DA:183,2
DA:184,2
DA:185,2
DA:186,2
DA:188,2
DA:189,1
DA:204,1
DA:206,1
DA:215,1
DA:217,1
DA:231,1
DA:234,1
DA:243,1
DA:249,1
DA:255,2
DA:256,2
DA:262,1
DA:264,1
DA:271,1
LF:56
LH:56
BRDA:103,0,0,1
BRDA:103,0,1,3
BRDA:141,1,0,1
BRDA:141,1,1,1
BRDA:141,2,0,2
BRDA:141,2,1,1
BRDA:188,3,0,1
BRDA:188,3,1,1
BRF:8
BRH:8
end_of_record
TN:
SF:models/userModel.js
FN:12,(anonymous_0)
FN:16,(anonymous_1)
FN:21,(anonymous_2)
FN:160,(anonymous_3)
FN:200,(anonymous_4)
FN:258,(anonymous_5)
FNF:6
FNH:6
FNDA:23,(anonymous_0)
FNDA:1,(anonymous_1)
FNDA:9,(anonymous_2)
FNDA:2,(anonymous_3)
FNDA:7,(anonymous_4)
FNDA:3,(anonymous_5)
DA:1,2
DA:2,2
DA:3,2
DA:4,2
DA:5,2
DA:6,2
DA:13,23
DA:17,1
DA:24,9
DA:25,1
DA:29,8
DA:30,0
DA:34,8
DA:35,1
DA:39,7
DA:43,7
DA:44,1
DA:49,6
DA:50,1
DA:54,5
DA:58,5
DA:59,1
DA:63,4
DA:65,4
DA:66,1
DA:70,3
DA:71,1
DA:75,2
DA:76,1
DA:80,1
DA:83,1
DA:95,1
DA:117,1
DA:130,1
DA:145,1
DA:148,1
DA:151,1
DA:154,1
DA:161,2
DA:163,2
DA:167,2
DA:168,1
DA:171,1
DA:182,1
DA:184,1
DA:203,7
DA:204,1
DA:208,6
DA:210,6
DA:211,1
DA:215,5
DA:220,5
DA:221,1
DA:225,4
DA:226,1
DA:230,3
DA:231,1
DA:235,2
DA:238,2
DA:239,1
DA:243,1
DA:249,1
DA:252,1
DA:260,3
DA:265,3
DA:266,2
DA:267,1
DA:269,1
DA:270,1
DA:275,1
DA:281,2
LF:71
LH:70
BRDA:24,0,0,1
BRDA:24,0,1,8
BRDA:24,1,0,9
BRDA:24,1,1,8
BRDA:29,2,0,0
BRDA:29,2,1,8
BRDA:29,3,0,8
BRDA:29,3,1,8
BRDA:34,4,0,1
BRDA:34,4,1,7
BRDA:43,5,0,1
BRDA:43,5,1,6
BRDA:49,6,0,1
BRDA:49,6,1,5
BRDA:49,7,0,6
BRDA:49,7,1,5
BRDA:58,8,0,1
BRDA:58,8,1,4
BRDA:65,9,0,1
BRDA:65,9,1,3
BRDA:70,10,0,1
BRDA:70,10,1,2
BRDA:70,11,0,3
BRDA:70,11,1,2
BRDA:75,12,0,1
BRDA:75,12,1,1
BRDA:167,13,0,1
BRDA:167,13,1,1
BRDA:203,14,0,1
BRDA:203,14,1,6
BRDA:203,15,0,7
BRDA:203,15,1,6
BRDA:210,16,0,1
BRDA:210,16,1,5
BRDA:220,17,0,1
BRDA:220,17,1,4
BRDA:225,18,0,1
BRDA:225,18,1,3
BRDA:225,19,0,4
BRDA:225,19,1,3
BRDA:230,20,0,1
BRDA:230,20,1,2
BRDA:238,21,0,1
BRDA:238,21,1,1
BRDA:265,22,0,2
BRDA:265,22,1,1
BRDA:266,23,0,1
BRDA:266,23,1,1
BRDA:269,24,0,1
BRDA:269,24,1,0
BRF:50
BRH:48
end_of_record
TN:
SF:models/workoutModel.js
FN:6,(anonymous_0)
FN:10,(anonymous_1)
FN:14,(anonymous_2)
FN:23,(anonymous_3)
FN:50,(anonymous_4)
FNF:5
FNH:5
FNDA:11,(anonymous_0)
FNDA:1,(anonymous_1)
FNDA:2,(anonymous_2)
FNDA:3,(anonymous_3)
FNDA:5,(anonymous_4)
DA:1,1
DA:2,1
DA:3,1
DA:7,11
DA:11,1
DA:15,2
DA:16,2
DA:17,1
DA:19,1
DA:24,3
DA:25,3
DA:26,3
DA:29,3
DA:31,3
DA:39,3
DA:41,3
DA:44,2
DA:46,1
DA:51,5
DA:52,5
DA:54,5
DA:57,5
DA:58,3
DA:62,5
DA:63,2
DA:67,5
DA:68,2
DA:72,5
DA:73,4
DA:75,1
DA:80,1
LF:31
LH:31
BRDA:57,0,0,3
BRDA:57,0,1,2
BRDA:62,1,0,2
BRDA:62,1,1,3
BRDA:67,2,0,2
BRDA:67,2,1,3
BRF:6
BRH:6
end_of_record
TN:
SF:schemas/historyCategorySchema.js
FN:26,(anonymous_0)
FN:37,(anonymous_1)
FNF:2
FNH:2
FNDA:3,(anonymous_0)
FNDA:3,(anonymous_1)
DA:1,1
DA:5,1
DA:24,1
DA:27,3
DA:28,3
DA:29,2
DA:30,1
DA:32,2
DA:38,3
DA:39,3
DA:40,2
DA:45,1
DA:47,2
DA:53,1
LF:14
LH:14
BRF:0
BRH:0
end_of_record
TN:
SF:schemas/userExerciseSchema.js
FN:64,(anonymous_0)
FN:72,(anonymous_1)
FN:80,(anonymous_2)
FN:90,(anonymous_3)
FN:98,(anonymous_4)
FN:106,(anonymous_5)
FN:115,(anonymous_6)
FN:123,(anonymous_7)
FNF:8
FNH:8
FNDA:2,(anonymous_0)
FNDA:2,(anonymous_1)
FNDA:2,(anonymous_2)
FNDA:2,(anonymous_3)
FNDA:2,(anonymous_4)
FNDA:2,(anonymous_5)
FNDA:2,(anonymous_6)
FNDA:2,(anonymous_7)
DA:1,1
DA:4,1
DA:62,1
DA:65,2
DA:66,2
DA:67,1
DA:69,1
DA:73,2
DA:74,2
DA:75,1
DA:77,1
DA:81,2
DA:82,2
DA:83,1
DA:85,1
DA:91,2
DA:92,2
DA:93,1
DA:95,1
DA:99,2
DA:100,2
DA:101,1
DA:103,1
DA:107,2
DA:108,2
DA:109,2
DA:110,1
DA:112,1
DA:116,2
DA:117,2
DA:118,1
DA:120,1
DA:124,2
DA:125,2
DA:126,1
DA:128,1
DA:135,1
LF:37
LH:37
BRF:0
BRH:0
end_of_record
TN:
SF:schemas/userGoalSchema.js
FN:69,(anonymous_0)
FN:77,(anonymous_1)
FN:87,(anonymous_2)
FN:95,(anonymous_3)
FN:103,(anonymous_4)
FN:111,(anonymous_5)
FNF:6
FNH:6
FNDA:2,(anonymous_0)
FNDA:2,(anonymous_1)
FNDA:2,(anonymous_2)
FNDA:2,(anonymous_3)
FNDA:2,(anonymous_4)
FNDA:2,(anonymous_5)
DA:1,1
DA:4,1
DA:67,1
DA:70,2
DA:71,2
DA:72,1
DA:74,1
DA:78,2
DA:79,2
DA:80,1
DA:82,1
DA:88,2
DA:89,2
DA:90,1
DA:92,1
DA:96,2
DA:97,2
DA:98,1
DA:100,1
DA:104,2
DA:105,2
DA:106,1
DA:108,1
DA:112,2
DA:113,2
DA:114,1
DA:116,1
DA:122,1
LF:28
LH:28
BRF:0
BRH:0
end_of_record
TN:
SF:schemas/userSchema.js
FN:78,(anonymous_0)
FN:95,(anonymous_1)
FN:111,(anonymous_2)
FN:133,(anonymous_3)
FNF:4
FNH:4
FNDA:4,(anonymous_0)
FNDA:3,(anonymous_1)
FNDA:2,(anonymous_2)
FNDA:2,(anonymous_3)
DA:1,2
DA:5,2
DA:75,2
DA:79,4
DA:80,4
DA:83,2
DA:84,1
DA:88,1
DA:90,2
DA:96,3
DA:97,3
DA:100,2
DA:102,1
DA:104,2
DA:112,2
DA:128,2
DA:129,1
DA:134,2
DA:136,1
DA:141,2
LF:20
LH:20
BRDA:83,0,0,1
BRDA:83,0,1,1
BRF:2
BRH:2
end_of_record
TN:
SF:schemas/workoutSchema.js
FN:36,(anonymous_0)
FN:44,(anonymous_1)
FN:52,(anonymous_2)
FNF:3
FNH:3
FNDA:2,(anonymous_0)
FNDA:2,(anonymous_1)
FNDA:2,(anonymous_2)
DA:1,1
DA:3,1
DA:34,1
DA:37,2
DA:38,2
DA:39,1
DA:41,1
DA:45,2
DA:46,2
DA:47,1
DA:49,1
DA:53,2
DA:54,2
DA:55,1
DA:57,1
DA:63,1
LF:16
LH:16
BRF:0
BRH:0
end_of_record
